<?xml version="1.0" encoding="UTF-8"?>
<!-- Generated by org.testng.reporters.JUnitReportReporter -->
<testsuite hostname="DESKTOP-AHPLHKH" name="testCases.SampleConcurrentTest" tests="1" failures="0" timestamp="7 Nov 2017 07:14:30 GMT" time="26.912" errors="0">
  <testcase name="test" time="26.912" classname="testCases.SampleConcurrentTest"/>
</testsuite> <!-- testCases.SampleConcurrentTest -->
