<?xml version="1.0" encoding="UTF-8"?>
<!-- Generated by org.testng.reporters.JUnitReportReporter -->
<testsuite hostname="DESKTOP-AHPLHKH" name="testCases.TestGrouping" tests="5" failures="0" timestamp="21 Nov 2017 04:05:23 GMT" time="0.075" errors="0">
  <testcase name="testConnectMsSQL" time="0.002" classname="testCases.TestGrouping"/>
  <testcase name="testConnectOracle" time="0.002" classname="testCases.TestGrouping"/>
  <testcase name="runSelenium" time="0.068" classname="testCases.TestGrouping"/>
  <testcase name="runSelenium1" time="0.002" classname="testCases.TestGrouping"/>
  <testcase name="runFinal" time="0.001" classname="testCases.TestGrouping"/>
</testsuite> <!-- testCases.TestGrouping -->
