<?xml version="1.0" encoding="UTF-8"?>
<!-- Generated by org.testng.reporters.JUnitReportReporter -->
<testsuite hostname="DESKTOP-AHPLHKH" name="testCases.SampleTest" tests="1" failures="0" timestamp="10 Nov 2017 10:03:12 GMT" time="91.320" errors="0">
  <testcase name="test" time="91.320" classname="testCases.SampleTest"/>
</testsuite> <!-- testCases.SampleTest -->
